Flutter crash report.
Please report a bug at https://github.com/flutter/flutter/issues.

## command

flutter pub get

## exception

PathNotFoundException: PathNotFoundException: Cannot create link, path = '/home/goodness/development/Programming/Flutter/home-app-master/windows/flutter/ephemeral/.plugin_symlinks/file_selector_windows' (OS Error: No such file or directory, errno = 2)

```
#0      _Link.throwIfError (dart:io/link.dart:339:7)
#1      _Link.createSync (dart:io/link.dart:267:5)
#2      ForwardingLink.createSync (package:file/src/forwarding/forwarding_link.dart:20:16)
#3      ForwardingLink.createSync (package:file/src/forwarding/forwarding_link.dart:20:16)
#4      _createPlatformPluginSymlinks (package:flutter_tools/src/flutter_plugins.dart:990:12)
#5      createPluginSymlinks (package:flutter_tools/src/flutter_plugins.dart:912:5)
#6      refreshPluginsList (package:flutter_tools/src/flutter_plugins.dart:1027:5)
<asynchronous suspension>
#7      FlutterProject.ensureReadyForPlatformSpecificTooling (package:flutter_tools/src/project.dart:373:5)
<asynchronous suspension>
#8      PackagesGetCommand.runCommand (package:flutter_tools/src/commands/packages.dart:386:7)
<asynchronous suspension>
#9      FlutterCommand.run.<anonymous closure> (package:flutter_tools/src/runner/flutter_command.dart:1450:27)
<asynchronous suspension>
#10     AppContext.run.<anonymous closure> (package:flutter_tools/src/base/context.dart:153:19)
<asynchronous suspension>
#11     CommandRunner.runCommand (package:args/command_runner.dart:212:13)
<asynchronous suspension>
#12     FlutterCommandRunner.runCommand.<anonymous closure> (package:flutter_tools/src/runner/flutter_command_runner.dart:421:9)
<asynchronous suspension>
#13     AppContext.run.<anonymous closure> (package:flutter_tools/src/base/context.dart:153:19)
<asynchronous suspension>
#14     FlutterCommandRunner.runCommand (package:flutter_tools/src/runner/flutter_command_runner.dart:364:5)
<asynchronous suspension>
#15     run.<anonymous closure>.<anonymous closure> (package:flutter_tools/runner.dart:131:9)
<asynchronous suspension>
#16     AppContext.run.<anonymous closure> (package:flutter_tools/src/base/context.dart:153:19)
<asynchronous suspension>
#17     main (package:flutter_tools/executable.dart:94:3)
<asynchronous suspension>
```

## flutter doctor

```
[33m[!][39m Flutter (Channel stable, 3.27.1, on Ubuntu 22.04.5 LTS 6.8.0-52-generic,
    locale en_US.UTF-8)
    [32m•[39m Flutter version 3.27.1 on channel stable at
      /home/goodness/development/flutter
    [33m![39m Warning: `flutter` on your path resolves to /usr/bin/snap, which is not
      inside your current Flutter SDK checkout at
      /home/goodness/development/flutter. Consider adding
      /home/goodness/development/flutter/bin to the front of your path.
    [33m![39m Warning: `dart` on your path resolves to /usr/bin/snap, which is not
      inside your current Flutter SDK checkout at
      /home/goodness/development/flutter. Consider adding
      /home/goodness/development/flutter/bin to the front of your path.
    [32m•[39m Upstream repository https://github.com/flutter/flutter.git
    [32m•[39m Framework revision 17025dd882 (9 weeks ago), 2024-12-17 03:23:09 +0900
    [32m•[39m Engine revision cb4b5fff73
    [32m•[39m Dart version 3.6.0
    [32m•[39m DevTools version 2.40.2
    [32m•[39m If those were intentional, you can disregard the above warnings; however
      it is recommended to use "git" directly to perform update checks and
      upgrades.

[31m[☠][39m Android toolchain - develop for Android devices (the doctor check crashed)
    [31m✗[39m Due to an error, the doctor check did not complete. If the error message
      below is not helpful, please let us know about this issue at
      https://github.com/flutter/flutter/issues.
    [31m✗[39m Exception: Android toolchain - develop for Android devices exceeded
      maximum allowed duration of 0:04:30.000000
    [32m•[39m 

[32m[✓][39m Chrome - develop for the web
    [32m•[39m Chrome at google-chrome

[31m[☠][39m Linux toolchain - develop for Linux desktop (the doctor check crashed)
    [31m✗[39m Due to an error, the doctor check did not complete. If the error message
      below is not helpful, please let us know about this issue at
      https://github.com/flutter/flutter/issues.
    [31m✗[39m Exception: Linux toolchain - develop for Linux desktop exceeded maximum
      allowed duration of 0:04:30.000000
    [32m•[39m 

[32m[✓][39m Android Studio (version 2024.1)
    [32m•[39m Android Studio at /snap/android-studio/161
    [32m•[39m Flutter plugin version 83.0.2
    [32m•[39m Dart plugin can be installed from:
      🔨 https://plugins.jetbrains.com/plugin/6351-dart
    [32m•[39m Java version OpenJDK Runtime Environment (build
      17.0.10+0-17.0.10b1087.21-11609105)

[32m[✓][39m VS Code (version 1.96.4)
    [32m•[39m VS Code at /snap/code/current/usr/share/code
    [32m•[39m Flutter extension version 3.104.0

[32m[✓][39m Connected device (3 available)
    [32m•[39m Infinix X6516 (mobile) • 09597373AI003110 • android-arm    • Android 12
      (API 31)
    [32m•[39m Linux (desktop)        • linux            • linux-x64      • Ubuntu
      22.04.5 LTS 6.8.0-52-generic
    [32m•[39m Chrome (web)           • chrome           • web-javascript • Google Chrome
      133.0.6943.98

[32m[✓][39m Network resources
    [32m•[39m All expected network resources are available.

[33m![39m Doctor found issues in 3 categories.
```
